2025-03-18 09:25:18,748 - root - INFO - User table created successfully!
2025-03-18 09:25:18,749 - root - INFO - Plans table created successfully!
2025-03-18 09:25:18,749 - root - INFO - Orders table created successfully!
2025-03-18 09:25:18,749 - root - INFO - Order subscriptions table created successfully!
2025-03-18 09:25:18,749 - root - INFO - Non order subscriptions table created successfully!
2025-03-18 09:25:18,749 - root - INFO - str_config table created successfully!
2025-03-18 09:25:18,749 - root - INFO - int_config table created successfully!
2025-03-18 09:25:18,749 - root - INFO - bool_config table created successfully!
2025-03-18 09:25:18,749 - root - INFO - wallet table created successfully!
2025-03-18 09:25:18,749 - root - INFO - Payments table created successfully!
2025-03-18 09:25:18,750 - root - INFO - Servers table created successfully!
2025-03-18 09:25:18,750 - root - INFO - User table created successfully!
2025-03-18 09:25:18,750 - root - INFO - Plans table created successfully!
2025-03-18 09:25:18,750 - root - INFO - Orders table created successfully!
2025-03-18 09:25:18,751 - root - INFO - Order subscriptions table created successfully!
2025-03-18 09:25:18,751 - root - INFO - Non order subscriptions table created successfully!
2025-03-18 09:25:18,751 - root - INFO - str_config table created successfully!
2025-03-18 09:25:18,751 - root - INFO - int_config table created successfully!
2025-03-18 09:25:18,751 - root - INFO - bool_config table created successfully!
2025-03-18 09:25:18,751 - root - INFO - wallet table created successfully!
2025-03-18 09:25:18,751 - root - INFO - Payments table created successfully!
2025-03-18 09:25:18,751 - root - INFO - Servers table created successfully!
2025-03-18 09:25:24,126 - root - INFO - Callback Query: server_selected:1
2025-03-18 09:25:24,254 - root - INFO - Server selected: Main Server with URL: https://testbot.sin1990.ir/GSaIeUm8V40qw08RRvaiS1VJFBV/ad793ef2-d0ab-4665-a3ed-bae391b90287
2025-03-18 09:25:25,656 - root - INFO - Callback Query: server_list_of_users:1
2025-03-18 09:25:25,844 - root - INFO - Parse users page. Found 2 users.
2025-03-18 09:25:30,116 - root - INFO - Callback Query: server_add_user:1
2025-03-18 09:25:40,919 - TeleBot - ERROR - Infinity polling exception: module 'Utils.api' has no attribute 'insert'
2025-03-18 09:25:40,931 - TeleBot - ERROR - Exception traceback:
Traceback (most recent call last):
  File "/opt/Hiddify-Telegram-Bot/venv/lib/python3.12/site-packages/telebot/__init__.py", line 955, in infinity_polling
    self.polling(non_stop=True, timeout=timeout, long_polling_timeout=long_polling_timeout,
  File "/opt/Hiddify-Telegram-Bot/venv/lib/python3.12/site-packages/telebot/__init__.py", line 1043, in polling
    self.__threaded_polling(non_stop=non_stop, interval=interval, timeout=timeout, long_polling_timeout=long_polling_timeout,
  File "/opt/Hiddify-Telegram-Bot/venv/lib/python3.12/site-packages/telebot/__init__.py", line 1118, in __threaded_polling
    raise e
  File "/opt/Hiddify-Telegram-Bot/venv/lib/python3.12/site-packages/telebot/__init__.py", line 1074, in __threaded_polling
    self.worker_pool.raise_exceptions()
  File "/opt/Hiddify-Telegram-Bot/venv/lib/python3.12/site-packages/telebot/util.py", line 147, in raise_exceptions
    raise self.exception_info
  File "/opt/Hiddify-Telegram-Bot/venv/lib/python3.12/site-packages/telebot/util.py", line 90, in run
    task(*args, **kwargs)
  File "/opt/Hiddify-Telegram-Bot/AdminBot/bot.py", line 141, in confirm_add_user
    res = api.insert(URL, name=add_user_data['name'], package_days=int(add_user_data['usage_days']),
          ^^^^^^^^^^
AttributeError: module 'Utils.api' has no attribute 'insert'

