2025-03-18 08:26:18,009 - root - INFO - User table created successfully!
2025-03-18 08:26:18,010 - root - INFO - Plans table created successfully!
2025-03-18 08:26:18,010 - root - INFO - Orders table created successfully!
2025-03-18 08:26:18,010 - root - INFO - Order subscriptions table created successfully!
2025-03-18 08:26:18,010 - root - INFO - Non order subscriptions table created successfully!
2025-03-18 08:26:18,010 - root - INFO - str_config table created successfully!
2025-03-18 08:26:18,010 - root - INFO - int_config table created successfully!
2025-03-18 08:26:18,010 - root - INFO - bool_config table created successfully!
2025-03-18 08:26:18,010 - root - INFO - wallet table created successfully!
2025-03-18 08:26:18,010 - root - INFO - Payments table created successfully!
2025-03-18 08:26:18,010 - root - INFO - Servers table created successfully!
2025-03-18 08:26:18,011 - root - INFO - User table created successfully!
2025-03-18 08:26:18,011 - root - INFO - Plans table created successfully!
2025-03-18 08:26:18,011 - root - INFO - Orders table created successfully!
2025-03-18 08:26:18,011 - root - INFO - Order subscriptions table created successfully!
2025-03-18 08:26:18,011 - root - INFO - Non order subscriptions table created successfully!
2025-03-18 08:26:18,011 - root - INFO - str_config table created successfully!
2025-03-18 08:26:18,011 - root - INFO - int_config table created successfully!
2025-03-18 08:26:18,011 - root - INFO - bool_config table created successfully!
2025-03-18 08:26:18,011 - root - INFO - wallet table created successfully!
2025-03-18 08:26:18,011 - root - INFO - Payments table created successfully!
2025-03-18 08:26:18,011 - root - INFO - Servers table created successfully!
2025-03-18 08:26:26,075 - root - INFO - Callback Query: server_selected:1
2025-03-18 08:26:26,284 - TeleBot - ERROR - Infinity polling exception: module 'Utils.api' has no attribute 'select'
2025-03-18 08:26:26,292 - TeleBot - ERROR - Exception traceback:
Traceback (most recent call last):
  File "/opt/Hiddify-Telegram-Bot/venv/lib/python3.12/site-packages/telebot/__init__.py", line 955, in infinity_polling
    self.polling(non_stop=True, timeout=timeout, long_polling_timeout=long_polling_timeout,
  File "/opt/Hiddify-Telegram-Bot/venv/lib/python3.12/site-packages/telebot/__init__.py", line 1043, in polling
    self.__threaded_polling(non_stop=non_stop, interval=interval, timeout=timeout, long_polling_timeout=long_polling_timeout,
  File "/opt/Hiddify-Telegram-Bot/venv/lib/python3.12/site-packages/telebot/__init__.py", line 1118, in __threaded_polling
    raise e
  File "/opt/Hiddify-Telegram-Bot/venv/lib/python3.12/site-packages/telebot/__init__.py", line 1074, in __threaded_polling
    self.worker_pool.raise_exceptions()
  File "/opt/Hiddify-Telegram-Bot/venv/lib/python3.12/site-packages/telebot/util.py", line 147, in raise_exceptions
    raise self.exception_info
  File "/opt/Hiddify-Telegram-Bot/venv/lib/python3.12/site-packages/telebot/util.py", line 90, in run
    task(*args, **kwargs)
  File "/opt/Hiddify-Telegram-Bot/venv/lib/python3.12/site-packages/telebot/__init__.py", line 6788, in _run_middlewares_and_handler
    result = handler['function'](message)
             ^^^^^^^^^^^^^^^^^^^^^^^^^^^^
  File "/opt/Hiddify-Telegram-Bot/AdminBot/bot.py", line 1568, in callback_query
    msg = templates.server_info_template(server,plans)
          ^^^^^^^^^^^^^^^^^^^^^^^^^^^^^^^^^^^^^^^^^^^^
  File "/opt/Hiddify-Telegram-Bot/AdminBot/templates.py", line 36, in server_info_template
    users_list = api.select(URL)
                 ^^^^^^^^^^
AttributeError: module 'Utils.api' has no attribute 'select'

2025-03-18 08:28:56,791 - root - INFO - Callback Query: server_selected:1
2025-03-18 08:28:56,888 - TeleBot - ERROR - Infinity polling exception: module 'Utils.api' has no attribute 'select'
2025-03-18 08:28:56,900 - TeleBot - ERROR - Exception traceback:
Traceback (most recent call last):
  File "/opt/Hiddify-Telegram-Bot/venv/lib/python3.12/site-packages/telebot/__init__.py", line 955, in infinity_polling
    self.polling(non_stop=True, timeout=timeout, long_polling_timeout=long_polling_timeout,
  File "/opt/Hiddify-Telegram-Bot/venv/lib/python3.12/site-packages/telebot/__init__.py", line 1043, in polling
    self.__threaded_polling(non_stop=non_stop, interval=interval, timeout=timeout, long_polling_timeout=long_polling_timeout,
  File "/opt/Hiddify-Telegram-Bot/venv/lib/python3.12/site-packages/telebot/__init__.py", line 1118, in __threaded_polling
    raise e
  File "/opt/Hiddify-Telegram-Bot/venv/lib/python3.12/site-packages/telebot/__init__.py", line 1074, in __threaded_polling
    self.worker_pool.raise_exceptions()
  File "/opt/Hiddify-Telegram-Bot/venv/lib/python3.12/site-packages/telebot/util.py", line 147, in raise_exceptions
    raise self.exception_info
  File "/opt/Hiddify-Telegram-Bot/venv/lib/python3.12/site-packages/telebot/util.py", line 90, in run
    task(*args, **kwargs)
  File "/opt/Hiddify-Telegram-Bot/venv/lib/python3.12/site-packages/telebot/__init__.py", line 6788, in _run_middlewares_and_handler
    result = handler['function'](message)
             ^^^^^^^^^^^^^^^^^^^^^^^^^^^^
  File "/opt/Hiddify-Telegram-Bot/AdminBot/bot.py", line 1568, in callback_query
    msg = templates.server_info_template(server,plans)
          ^^^^^^^^^^^^^^^^^^^^^^^^^^^^^^^^^^^^^^^^^^^^
  File "/opt/Hiddify-Telegram-Bot/AdminBot/templates.py", line 36, in server_info_template
    users_list = api.select(URL)
                 ^^^^^^^^^^
AttributeError: module 'Utils.api' has no attribute 'select'

2025-03-18 08:29:09,518 - root - INFO - Callback Query: server_selected:2
2025-03-18 08:29:09,590 - TeleBot - ERROR - Infinity polling exception: module 'Utils.api' has no attribute 'select'
2025-03-18 08:29:09,604 - TeleBot - ERROR - Exception traceback:
Traceback (most recent call last):
  File "/opt/Hiddify-Telegram-Bot/venv/lib/python3.12/site-packages/telebot/__init__.py", line 955, in infinity_polling
    self.polling(non_stop=True, timeout=timeout, long_polling_timeout=long_polling_timeout,
  File "/opt/Hiddify-Telegram-Bot/venv/lib/python3.12/site-packages/telebot/__init__.py", line 1043, in polling
    self.__threaded_polling(non_stop=non_stop, interval=interval, timeout=timeout, long_polling_timeout=long_polling_timeout,
  File "/opt/Hiddify-Telegram-Bot/venv/lib/python3.12/site-packages/telebot/__init__.py", line 1118, in __threaded_polling
    raise e
  File "/opt/Hiddify-Telegram-Bot/venv/lib/python3.12/site-packages/telebot/__init__.py", line 1074, in __threaded_polling
    self.worker_pool.raise_exceptions()
  File "/opt/Hiddify-Telegram-Bot/venv/lib/python3.12/site-packages/telebot/util.py", line 147, in raise_exceptions
    raise self.exception_info
  File "/opt/Hiddify-Telegram-Bot/venv/lib/python3.12/site-packages/telebot/util.py", line 90, in run
    task(*args, **kwargs)
  File "/opt/Hiddify-Telegram-Bot/venv/lib/python3.12/site-packages/telebot/__init__.py", line 6788, in _run_middlewares_and_handler
    result = handler['function'](message)
             ^^^^^^^^^^^^^^^^^^^^^^^^^^^^
  File "/opt/Hiddify-Telegram-Bot/AdminBot/bot.py", line 1568, in callback_query
    msg = templates.server_info_template(server,plans)
          ^^^^^^^^^^^^^^^^^^^^^^^^^^^^^^^^^^^^^^^^^^^^
  File "/opt/Hiddify-Telegram-Bot/AdminBot/templates.py", line 36, in server_info_template
    users_list = api.select(URL)
                 ^^^^^^^^^^
AttributeError: module 'Utils.api' has no attribute 'select'

2025-03-18 08:29:10,215 - root - INFO - Callback Query: server_selected:1
2025-03-18 08:29:12,611 - TeleBot - ERROR - Infinity polling exception: module 'Utils.api' has no attribute 'select'
2025-03-18 08:29:12,620 - TeleBot - ERROR - Exception traceback:
Traceback (most recent call last):
  File "/opt/Hiddify-Telegram-Bot/venv/lib/python3.12/site-packages/telebot/__init__.py", line 955, in infinity_polling
    self.polling(non_stop=True, timeout=timeout, long_polling_timeout=long_polling_timeout,
  File "/opt/Hiddify-Telegram-Bot/venv/lib/python3.12/site-packages/telebot/__init__.py", line 1043, in polling
    self.__threaded_polling(non_stop=non_stop, interval=interval, timeout=timeout, long_polling_timeout=long_polling_timeout,
  File "/opt/Hiddify-Telegram-Bot/venv/lib/python3.12/site-packages/telebot/__init__.py", line 1118, in __threaded_polling
    raise e
  File "/opt/Hiddify-Telegram-Bot/venv/lib/python3.12/site-packages/telebot/__init__.py", line 1074, in __threaded_polling
    self.worker_pool.raise_exceptions()
  File "/opt/Hiddify-Telegram-Bot/venv/lib/python3.12/site-packages/telebot/util.py", line 147, in raise_exceptions
    raise self.exception_info
  File "/opt/Hiddify-Telegram-Bot/venv/lib/python3.12/site-packages/telebot/util.py", line 90, in run
    task(*args, **kwargs)
  File "/opt/Hiddify-Telegram-Bot/venv/lib/python3.12/site-packages/telebot/__init__.py", line 6788, in _run_middlewares_and_handler
    result = handler['function'](message)
             ^^^^^^^^^^^^^^^^^^^^^^^^^^^^
  File "/opt/Hiddify-Telegram-Bot/AdminBot/bot.py", line 1568, in callback_query
    msg = templates.server_info_template(server,plans)
          ^^^^^^^^^^^^^^^^^^^^^^^^^^^^^^^^^^^^^^^^^^^^
  File "/opt/Hiddify-Telegram-Bot/AdminBot/templates.py", line 36, in server_info_template
    users_list = api.select(URL)
                 ^^^^^^^^^^
AttributeError: module 'Utils.api' has no attribute 'select'

2025-03-18 08:29:20,477 - root - INFO - Callback Query: server_selected:1
2025-03-18 08:29:20,548 - TeleBot - ERROR - Infinity polling exception: module 'Utils.api' has no attribute 'select'
2025-03-18 08:29:20,555 - TeleBot - ERROR - Exception traceback:
Traceback (most recent call last):
  File "/opt/Hiddify-Telegram-Bot/venv/lib/python3.12/site-packages/telebot/__init__.py", line 955, in infinity_polling
    self.polling(non_stop=True, timeout=timeout, long_polling_timeout=long_polling_timeout,
  File "/opt/Hiddify-Telegram-Bot/venv/lib/python3.12/site-packages/telebot/__init__.py", line 1043, in polling
    self.__threaded_polling(non_stop=non_stop, interval=interval, timeout=timeout, long_polling_timeout=long_polling_timeout,
  File "/opt/Hiddify-Telegram-Bot/venv/lib/python3.12/site-packages/telebot/__init__.py", line 1118, in __threaded_polling
    raise e
  File "/opt/Hiddify-Telegram-Bot/venv/lib/python3.12/site-packages/telebot/__init__.py", line 1074, in __threaded_polling
    self.worker_pool.raise_exceptions()
  File "/opt/Hiddify-Telegram-Bot/venv/lib/python3.12/site-packages/telebot/util.py", line 147, in raise_exceptions
    raise self.exception_info
  File "/opt/Hiddify-Telegram-Bot/venv/lib/python3.12/site-packages/telebot/util.py", line 90, in run
    task(*args, **kwargs)
  File "/opt/Hiddify-Telegram-Bot/venv/lib/python3.12/site-packages/telebot/__init__.py", line 6788, in _run_middlewares_and_handler
    result = handler['function'](message)
             ^^^^^^^^^^^^^^^^^^^^^^^^^^^^
  File "/opt/Hiddify-Telegram-Bot/AdminBot/bot.py", line 1568, in callback_query
    msg = templates.server_info_template(server,plans)
          ^^^^^^^^^^^^^^^^^^^^^^^^^^^^^^^^^^^^^^^^^^^^
  File "/opt/Hiddify-Telegram-Bot/AdminBot/templates.py", line 36, in server_info_template
    users_list = api.select(URL)
                 ^^^^^^^^^^
AttributeError: module 'Utils.api' has no attribute 'select'

2025-03-18 08:29:23,965 - root - INFO - Callback Query: server_selected:2
2025-03-18 08:29:24,039 - TeleBot - ERROR - Infinity polling exception: module 'Utils.api' has no attribute 'select'
2025-03-18 08:29:24,052 - TeleBot - ERROR - Exception traceback:
Traceback (most recent call last):
  File "/opt/Hiddify-Telegram-Bot/venv/lib/python3.12/site-packages/telebot/__init__.py", line 955, in infinity_polling
    self.polling(non_stop=True, timeout=timeout, long_polling_timeout=long_polling_timeout,
  File "/opt/Hiddify-Telegram-Bot/venv/lib/python3.12/site-packages/telebot/__init__.py", line 1043, in polling
    self.__threaded_polling(non_stop=non_stop, interval=interval, timeout=timeout, long_polling_timeout=long_polling_timeout,
  File "/opt/Hiddify-Telegram-Bot/venv/lib/python3.12/site-packages/telebot/__init__.py", line 1118, in __threaded_polling
    raise e
  File "/opt/Hiddify-Telegram-Bot/venv/lib/python3.12/site-packages/telebot/__init__.py", line 1074, in __threaded_polling
    self.worker_pool.raise_exceptions()
  File "/opt/Hiddify-Telegram-Bot/venv/lib/python3.12/site-packages/telebot/util.py", line 147, in raise_exceptions
    raise self.exception_info
  File "/opt/Hiddify-Telegram-Bot/venv/lib/python3.12/site-packages/telebot/util.py", line 90, in run
    task(*args, **kwargs)
  File "/opt/Hiddify-Telegram-Bot/venv/lib/python3.12/site-packages/telebot/__init__.py", line 6788, in _run_middlewares_and_handler
    result = handler['function'](message)
             ^^^^^^^^^^^^^^^^^^^^^^^^^^^^
  File "/opt/Hiddify-Telegram-Bot/AdminBot/bot.py", line 1568, in callback_query
    msg = templates.server_info_template(server,plans)
          ^^^^^^^^^^^^^^^^^^^^^^^^^^^^^^^^^^^^^^^^^^^^
  File "/opt/Hiddify-Telegram-Bot/AdminBot/templates.py", line 36, in server_info_template
    users_list = api.select(URL)
                 ^^^^^^^^^^
AttributeError: module 'Utils.api' has no attribute 'select'

2025-03-18 08:29:24,549 - root - INFO - Callback Query: server_selected:1
2025-03-18 08:29:27,057 - TeleBot - ERROR - Infinity polling exception: module 'Utils.api' has no attribute 'select'
2025-03-18 08:29:27,062 - TeleBot - ERROR - Exception traceback:
Traceback (most recent call last):
  File "/opt/Hiddify-Telegram-Bot/venv/lib/python3.12/site-packages/telebot/__init__.py", line 955, in infinity_polling
    self.polling(non_stop=True, timeout=timeout, long_polling_timeout=long_polling_timeout,
  File "/opt/Hiddify-Telegram-Bot/venv/lib/python3.12/site-packages/telebot/__init__.py", line 1043, in polling
    self.__threaded_polling(non_stop=non_stop, interval=interval, timeout=timeout, long_polling_timeout=long_polling_timeout,
  File "/opt/Hiddify-Telegram-Bot/venv/lib/python3.12/site-packages/telebot/__init__.py", line 1118, in __threaded_polling
    raise e
  File "/opt/Hiddify-Telegram-Bot/venv/lib/python3.12/site-packages/telebot/__init__.py", line 1074, in __threaded_polling
    self.worker_pool.raise_exceptions()
  File "/opt/Hiddify-Telegram-Bot/venv/lib/python3.12/site-packages/telebot/util.py", line 147, in raise_exceptions
    raise self.exception_info
  File "/opt/Hiddify-Telegram-Bot/venv/lib/python3.12/site-packages/telebot/util.py", line 90, in run
    task(*args, **kwargs)
  File "/opt/Hiddify-Telegram-Bot/venv/lib/python3.12/site-packages/telebot/__init__.py", line 6788, in _run_middlewares_and_handler
    result = handler['function'](message)
             ^^^^^^^^^^^^^^^^^^^^^^^^^^^^
  File "/opt/Hiddify-Telegram-Bot/AdminBot/bot.py", line 1568, in callback_query
    msg = templates.server_info_template(server,plans)
          ^^^^^^^^^^^^^^^^^^^^^^^^^^^^^^^^^^^^^^^^^^^^
  File "/opt/Hiddify-Telegram-Bot/AdminBot/templates.py", line 36, in server_info_template
    users_list = api.select(URL)
                 ^^^^^^^^^^
AttributeError: module 'Utils.api' has no attribute 'select'

2025-03-18 08:29:27,165 - root - INFO - Callback Query: server_selected:2
2025-03-18 08:29:27,165 - root - INFO - Callback Query: server_selected:1
2025-03-18 08:29:30,068 - TeleBot - ERROR - Infinity polling exception: module 'Utils.api' has no attribute 'select'
2025-03-18 08:29:30,075 - TeleBot - ERROR - Exception traceback:
Traceback (most recent call last):
  File "/opt/Hiddify-Telegram-Bot/venv/lib/python3.12/site-packages/telebot/__init__.py", line 955, in infinity_polling
    self.polling(non_stop=True, timeout=timeout, long_polling_timeout=long_polling_timeout,
  File "/opt/Hiddify-Telegram-Bot/venv/lib/python3.12/site-packages/telebot/__init__.py", line 1043, in polling
    self.__threaded_polling(non_stop=non_stop, interval=interval, timeout=timeout, long_polling_timeout=long_polling_timeout,
  File "/opt/Hiddify-Telegram-Bot/venv/lib/python3.12/site-packages/telebot/__init__.py", line 1118, in __threaded_polling
    raise e
  File "/opt/Hiddify-Telegram-Bot/venv/lib/python3.12/site-packages/telebot/__init__.py", line 1074, in __threaded_polling
    self.worker_pool.raise_exceptions()
  File "/opt/Hiddify-Telegram-Bot/venv/lib/python3.12/site-packages/telebot/util.py", line 147, in raise_exceptions
    raise self.exception_info
  File "/opt/Hiddify-Telegram-Bot/venv/lib/python3.12/site-packages/telebot/util.py", line 90, in run
    task(*args, **kwargs)
  File "/opt/Hiddify-Telegram-Bot/venv/lib/python3.12/site-packages/telebot/__init__.py", line 6788, in _run_middlewares_and_handler
    result = handler['function'](message)
             ^^^^^^^^^^^^^^^^^^^^^^^^^^^^
  File "/opt/Hiddify-Telegram-Bot/AdminBot/bot.py", line 1568, in callback_query
    msg = templates.server_info_template(server,plans)
          ^^^^^^^^^^^^^^^^^^^^^^^^^^^^^^^^^^^^^^^^^^^^
  File "/opt/Hiddify-Telegram-Bot/AdminBot/templates.py", line 36, in server_info_template
    users_list = api.select(URL)
                 ^^^^^^^^^^
AttributeError: module 'Utils.api' has no attribute 'select'

2025-03-18 08:29:30,162 - root - INFO - Callback Query: server_selected:1
2025-03-18 08:29:33,081 - TeleBot - ERROR - Infinity polling exception: module 'Utils.api' has no attribute 'select'
2025-03-18 08:29:33,095 - TeleBot - ERROR - Exception traceback:
Traceback (most recent call last):
  File "/opt/Hiddify-Telegram-Bot/venv/lib/python3.12/site-packages/telebot/__init__.py", line 955, in infinity_polling
    self.polling(non_stop=True, timeout=timeout, long_polling_timeout=long_polling_timeout,
  File "/opt/Hiddify-Telegram-Bot/venv/lib/python3.12/site-packages/telebot/__init__.py", line 1043, in polling
    self.__threaded_polling(non_stop=non_stop, interval=interval, timeout=timeout, long_polling_timeout=long_polling_timeout,
  File "/opt/Hiddify-Telegram-Bot/venv/lib/python3.12/site-packages/telebot/__init__.py", line 1118, in __threaded_polling
    raise e
  File "/opt/Hiddify-Telegram-Bot/venv/lib/python3.12/site-packages/telebot/__init__.py", line 1074, in __threaded_polling
    self.worker_pool.raise_exceptions()
  File "/opt/Hiddify-Telegram-Bot/venv/lib/python3.12/site-packages/telebot/util.py", line 147, in raise_exceptions
    raise self.exception_info
  File "/opt/Hiddify-Telegram-Bot/venv/lib/python3.12/site-packages/telebot/util.py", line 90, in run
    task(*args, **kwargs)
  File "/opt/Hiddify-Telegram-Bot/venv/lib/python3.12/site-packages/telebot/__init__.py", line 6788, in _run_middlewares_and_handler
    result = handler['function'](message)
             ^^^^^^^^^^^^^^^^^^^^^^^^^^^^
  File "/opt/Hiddify-Telegram-Bot/AdminBot/bot.py", line 1568, in callback_query
    msg = templates.server_info_template(server,plans)
          ^^^^^^^^^^^^^^^^^^^^^^^^^^^^^^^^^^^^^^^^^^^^
  File "/opt/Hiddify-Telegram-Bot/AdminBot/templates.py", line 36, in server_info_template
    users_list = api.select(URL)
                 ^^^^^^^^^^
AttributeError: module 'Utils.api' has no attribute 'select'

2025-03-18 08:29:33,198 - root - INFO - Callback Query: server_selected:1
2025-03-18 08:29:36,100 - TeleBot - ERROR - Infinity polling exception: module 'Utils.api' has no attribute 'select'
2025-03-18 08:29:36,112 - TeleBot - ERROR - Exception traceback:
Traceback (most recent call last):
  File "/opt/Hiddify-Telegram-Bot/venv/lib/python3.12/site-packages/telebot/__init__.py", line 955, in infinity_polling
    self.polling(non_stop=True, timeout=timeout, long_polling_timeout=long_polling_timeout,
  File "/opt/Hiddify-Telegram-Bot/venv/lib/python3.12/site-packages/telebot/__init__.py", line 1043, in polling
    self.__threaded_polling(non_stop=non_stop, interval=interval, timeout=timeout, long_polling_timeout=long_polling_timeout,
  File "/opt/Hiddify-Telegram-Bot/venv/lib/python3.12/site-packages/telebot/__init__.py", line 1118, in __threaded_polling
    raise e
  File "/opt/Hiddify-Telegram-Bot/venv/lib/python3.12/site-packages/telebot/__init__.py", line 1074, in __threaded_polling
    self.worker_pool.raise_exceptions()
  File "/opt/Hiddify-Telegram-Bot/venv/lib/python3.12/site-packages/telebot/util.py", line 147, in raise_exceptions
    raise self.exception_info
  File "/opt/Hiddify-Telegram-Bot/venv/lib/python3.12/site-packages/telebot/util.py", line 90, in run
    task(*args, **kwargs)
  File "/opt/Hiddify-Telegram-Bot/venv/lib/python3.12/site-packages/telebot/__init__.py", line 6788, in _run_middlewares_and_handler
    result = handler['function'](message)
             ^^^^^^^^^^^^^^^^^^^^^^^^^^^^
  File "/opt/Hiddify-Telegram-Bot/AdminBot/bot.py", line 1568, in callback_query
    msg = templates.server_info_template(server,plans)
          ^^^^^^^^^^^^^^^^^^^^^^^^^^^^^^^^^^^^^^^^^^^^
  File "/opt/Hiddify-Telegram-Bot/AdminBot/templates.py", line 36, in server_info_template
    users_list = api.select(URL)
                 ^^^^^^^^^^
AttributeError: module 'Utils.api' has no attribute 'select'

